{"level":"info","message":"scheduleJob at :Wed Jun 22 2022 00:05:00 GMT+0530 (India Standard Time)"}
{"level":"error","message":"Cannot read properties of undefined (reading 'u_id')"}
{"level":"error","message":"Converting circular structure to JSON\n    --> starting at object with constructor 'Array'\n    |     index 0 -> object with constructor 'Object'\n    |     property 'parent' -> object with constructor 'Object'\n    --- property 'include' closes the circle"}
{"level":"error"}
{"level":"error"}
{"level":"error"}
{"level":"error"}
{"level":"error"}
{"level":"error"}
{"level":"error"}
{"level":"error"}
{"level":"error"}
{"level":"info","message":"scheduleJob at :Thu Jun 30 2022 00:05:00 GMT+0530 (India Standard Time)"}
{"level":"info","message":"scheduleJob at :Fri Jul 01 2022 00:46:55 GMT+0530 (India Standard Time)"}
{"level":"error"}
{"level":"error"}
{"level":"error"}
{"level":"error"}
{"level":"error"}
{"level":"error"}
{"level":"error"}
{"level":"error"}
